
################################################################################

 PACKMOL - Packing optimization for the automated generation of
 starting configurations for molecular dynamics simulations.
 
                                                              Version 20.010 

################################################################################

  Packmol must be run with: packmol < inputfile.inp 

  Userguide at: http://m3g.iqm.unicamp.br/packmol 

  Reading input file... (Control-C aborts)
  Seed for random number generator:      1234567
  Output file: bilayer_300mm.pdb
  Reading coordinate file: dec_autopsf.pdb
  Reading coordinate file: dec_autopsf.pdb
  Reading coordinate file: decp_autopsf.pdb
  Reading coordinate file: decp_autopsf.pdb
  Reading coordinate file: tip3.pdb
  Reading coordinate file: tip3.pdb
  Reading coordinate file: pot.pdb
  Reading coordinate file: pot.pdb
  Reading coordinate file: cla.pdb
  Reading coordinate file: cla.pdb
  Number of independent structures:           10
  The structures are: 
  Structure            1 :dec_autopsf.pdb(          31  atoms)
  Structure            2 :dec_autopsf.pdb(          31  atoms)
  Structure            3 :decp_autopsf.pdb(          32  atoms)
  Structure            4 :decp_autopsf.pdb(          32  atoms)
  Structure            5 :tip3.pdb(           3  atoms)
  Structure            6 :tip3.pdb(           3  atoms)
  Structure            7 :pot.pdb(           1  atoms)
  Structure            8 :pot.pdb(           1  atoms)
  Structure            9 :cla.pdb(           1  atoms)
  Structure           10 :cla.pdb(           1  atoms)
  Maximum number of GENCAN loops for all molecule packing:         2000
  Total number of restrictions:           18
  Distance tolerance:    2.0000000000000000     
  Warning: Type of residue numbering not set for structure            1
  Residue numbering set for structure            1 :           0
  Swap chains of molecules of structure            1 : F
  Warning: Type of residue numbering not set for structure            2
  Residue numbering set for structure            2 :           0
  Swap chains of molecules of structure            2 : F
  Warning: Type of residue numbering not set for structure            3
  Residue numbering set for structure            3 :           0
  Swap chains of molecules of structure            3 : F
  Warning: Type of residue numbering not set for structure            4
  Residue numbering set for structure            4 :           0
  Swap chains of molecules of structure            4 : F
  Warning: Type of residue numbering not set for structure            5
  Residue numbering set for structure            5 :           0
  Swap chains of molecules of structure            5 : F
  Warning: Type of residue numbering not set for structure            6
  Residue numbering set for structure            6 :           0
  Swap chains of molecules of structure            6 : F
  Warning: Type of residue numbering not set for structure            7
  Residue numbering set for structure            7 :           0
  Swap chains of molecules of structure            7 : F
  Warning: Type of residue numbering not set for structure            8
  Residue numbering set for structure            8 :           0
  Swap chains of molecules of structure            8 : F
  Warning: Type of residue numbering not set for structure            9
  Residue numbering set for structure            9 :           0
  Swap chains of molecules of structure            9 : F
  Warning: Type of residue numbering not set for structure           10
  Residue numbering set for structure           10 :           0
  Swap chains of molecules of structure           10 : F
  Number of molecules of type            1 :           72
  Number of molecules of type            2 :           72
  Number of molecules of type            3 :           72
  Number of molecules of type            4 :           72
  Number of molecules of type            5 :         7200
  Number of molecules of type            6 :         7200
  Number of molecules of type            7 :           85
  Number of molecules of type            8 :           85
  Number of molecules of type            9 :           26
  Number of molecules of type           10 :           26
  Total number of atoms:        52494
  Total number of molecules:        14910
  Number of fixed molecules:            0
  Number of free molecules:        14910
  Number of variables:        89460
  Total number of fixed atoms:            0
  Maximum internal distance of type            1 :    13.479495279868605     
  Maximum internal distance of type            2 :    13.479495279868605     
  Maximum internal distance of type            3 :    14.315064582459977     
  Maximum internal distance of type            4 :    14.315064582459977     
  Maximum internal distance of type            5 :    1.6384749006316819     
  Maximum internal distance of type            6 :    1.6384749006316819     
  Maximum internal distance of type            7 :    0.0000000000000000     
  Maximum internal distance of type            8 :    0.0000000000000000     
  Maximum internal distance of type            9 :    0.0000000000000000     
  Maximum internal distance of type           10 :    0.0000000000000000     
  All atoms must be within these coordinates: 
   x: [   -959.49219689515564      ,    1040.5078031048445       ] 
   y: [   -985.01514878011369      ,    1014.9848512198863       ] 
   z: [   -898.88673169935316      ,    1101.1132683006467       ] 
  If the system is larger than this, increase the sidemax parameter. 

################################################################################

  Building initial approximation ... 

################################################################################

  Adjusting initial point to fit the constraints 

--------------------------------------------------------------------------------

--------------------------------------------------------------------------------

  Molecules of type:            1

  Packing:|0                                                             100%|
          |******************************************************************|
          |******************************************************************|
  Fixing bad orientations ...      1 of    200
  Moving worst molecules ... 
  Function value before moving molecules:   18.721385668930903     
  Type         1 molecules with non-zero contributions:    2.78%
  Moving         2 molecules of type         1
  New positions will be based on good molecules (movebadrandom is not set) 
   Moving:|0                                                             100%|
          |******************************************************************|
  Function value after moving molecules:   7.8831594271317681E-002

  Restraint-only function value:    7.8831594271317681E-002
  Maximum violation of the restraints:    7.5217683335482696E-003

--------------------------------------------------------------------------------

  Molecules of type:            2

  Packing:|0                                                             100%|
          |******************************************************************|
          |******************************************************************|


  Restraint-only function value:    1.0307501968132094E-002
  Maximum violation of the restraints:    4.1897052132512814E-003

--------------------------------------------------------------------------------

  Molecules of type:            3

  Packing:|0                                                             100%|
          |******************************************************************|
          |*************************************************

  Restraint-only function value:    1.6282677293140498E-003
  Maximum violation of the restraints:    6.0668527387503933E-004

--------------------------------------------------------------------------------

  Molecules of type:            4

  Packing:|0                                                             100%|
          |******************************************************************|
          |******************************************

  Restraint-only function value:    2.1525729125394695E-003
  Maximum violation of the restraints:    9.6666438929295074E-004

--------------------------------------------------------------------------------

  Molecules of type:            5

  Packing:|0                                                             100%|
          |******************************************

  Restraint-only function value:    6.2992325004683665E-003
  Maximum violation of the restraints:    4.1922795269383742E-003

--------------------------------------------------------------------------------

  Molecules of type:            6

  Packing:|0                                                             100%|
          |***********************************

  Restraint-only function value:    1.3759457589252648E-002
  Maximum violation of the restraints:    4.7017557154431936E-003

--------------------------------------------------------------------------------

  Molecules of type:            7

  Packing:|0                                                             100%|
          |*******

  Restraint-only function value:    1.2268419428448364E-013
  Maximum violation of the restraints:    1.0783650058567222E-014

--------------------------------------------------------------------------------

  Molecules of type:            8

  Packing:|0                                                             100%|
          |*******

  Restraint-only function value:    3.3765803214813958E-014
  Maximum violation of the restraints:    7.1397017015224717E-015

--------------------------------------------------------------------------------

  Molecules of type:            9

  Packing:|0                                                             100%|
          |*******

  Restraint-only function value:    4.4289463669953307E-013
  Maximum violation of the restraints:    5.4872585548972172E-014

--------------------------------------------------------------------------------

  Molecules of type:           10

  Packing:|0                                                             100%|
          |*******

  Restraint-only function value:    7.2345727042171856E-013
  Maximum violation of the restraints:    2.1245833493893849E-013

--------------------------------------------------------------------------------

  Rescaling maximum and minimum coordinates... 
  Computing size of patches... 
  Add fixed molecules to permanent arrays... 
  Reseting center of mass... 

--------------------------------------------------------------------------------

  Setting initial trial coordinates ... 

--------------------------------------------------------------------------------

--------------------------------------------------------------------------------

  Molecules of type:            1
  Adjusting random positions to fit the constraints. 
  Packing:|0                                                             100%|
          |******************************************************************|
          |**************
  Restraint-only function value:    3.3270695369601961E-003
  Maximum violation of the restraints:    8.6800871265515741E-004

--------------------------------------------------------------------------------

  Molecules of type:            2
  Adjusting random positions to fit the constraints. 
  Packing:|0                                                             100%|
          |******************************************************************|
          |
  Restraint-only function value:    6.8093893165018489E-003
  Maximum violation of the restraints:    3.4780587792888518E-003

--------------------------------------------------------------------------------

  Molecules of type:            3
  Adjusting random positions to fit the constraints. 
  Packing:|0                                                             100%|
          |******************************************************************|
          |*************************************************
  Restraint-only function value:    1.4869194114134524E-002
  Maximum violation of the restraints:    6.6986822187548329E-003

--------------------------------------------------------------------------------

  Molecules of type:            4
  Adjusting random positions to fit the constraints. 
  Packing:|0                                                             100%|
          |******************************************************************|
          |
  Restraint-only function value:    2.0626556968272772E-002
  Maximum violation of the restraints:    1.7699253627944855E-003

--------------------------------------------------------------------------------

  Molecules of type:            5
  Adjusting random positions to fit the constraints. 
  Packing:|0                                                             100%|
          |*******
  Restraint-only function value:    6.4880574970360024E-006
  Maximum violation of the restraints:    6.1403329860011938E-006

--------------------------------------------------------------------------------

  Molecules of type:            6
  Adjusting random positions to fit the constraints. 
  Packing:|0                                                             100%|
          |*******
  Restraint-only function value:    5.1942324658961036E-005
  Maximum violation of the restraints:    2.8146365225190881E-005

--------------------------------------------------------------------------------

  Molecules of type:            7
  Adjusting random positions to fit the constraints. 
  Restraint-only function value:    0.0000000000000000     
  Maximum violation of the restraints:    0.0000000000000000     

--------------------------------------------------------------------------------

  Molecules of type:            8
  Adjusting random positions to fit the constraints. 
  Restraint-only function value:    0.0000000000000000     
  Maximum violation of the restraints:    0.0000000000000000     

--------------------------------------------------------------------------------

  Molecules of type:            9
  Adjusting random positions to fit the constraints. 
  Restraint-only function value:    0.0000000000000000     
  Maximum violation of the restraints:    0.0000000000000000     

--------------------------------------------------------------------------------

  Molecules of type:           10
  Adjusting random positions to fit the constraints. 
  Restraint-only function value:    0.0000000000000000     
  Maximum violation of the restraints:    0.0000000000000000     

################################################################################

  Objective function at initial point:    366015.29983617895     

################################################################################

  Packing molecules of type:            1

################################################################################


--------------------------------------------------------------------------------

  Starting GENCAN loop:            0
  Scaling radii by:    1.1000000000000001     

  Packing:|0                                                             100%|
          |******************************************************************|
          |******************************************************************|

  Function value from last GENCAN loop: f = .14176E+03
  Best function value before: f = .82815E+04
  Improvement from best function value:    98.29 %
  Improvement from last loop:    98.29 %
  Maximum violation of target distance:     2.321369
  Maximum violation of the constraints: .83088E+01
  All-type function value: .35769E+06

--------------------------------------------------------------------------------


--------------------------------------------------------------------------------

  Starting GENCAN loop:            1
  Scaling radii by:    1.1000000000000001     

  Packing:|0                                                             100%|
          |******************************************************************|
          |******************************************************************|

  Function value from last GENCAN loop: f = .55340E+01
  Best function value before: f = .14176E+03
  Improvement from best function value:    96.10 %
  Improvement from last loop:    96.10 %
  Maximum violation of target distance:     0.000000
  Maximum violation of the constraints: .11012E+01
  All-type function value: .35756E+06

--------------------------------------------------------------------------------


--------------------------------------------------------------------------------

  Starting GENCAN loop:            2
  Scaling radii by:    1.1000000000000001     

  Packing:|0                                                             100%|
          |******************************************************************|
          |******************************************************************|

  Function value from last GENCAN loop: f = .23707E+00
  Best function value before: f = .55340E+01
  Improvement from best function value:    95.72 %
  Improvement from last loop:    95.72 %
  Maximum violation of target distance:     0.000000
  Maximum violation of the constraints: .65867E-01
  All-type function value: .35734E+06

--------------------------------------------------------------------------------


--------------------------------------------------------------------------------

  Starting GENCAN loop:            3
  Scaling radii by:    1.1000000000000001     

  Packing:|0                                                             100%|
          |******************************************************************|
          |

  Function value from last GENCAN loop: f = .40435E-01
  Best function value before: f = .23707E+00
  Improvement from best function value:    82.94 %
  Improvement from last loop:    82.94 %
  Maximum violation of target distance:     0.000000
  Maximum violation of the constraints: .81790E-02
  Current structure written to file: bilayer_300mm.pdb
--------------------------------------------------------------------------------
  Packing solved for molecules of type           1
  Objective function value:    4.0434897233251207E-002
  Maximum violation of target distance:    0.0000000000000000     
  Max. constraint violation:    8.1789607551669141E-003
--------------------------------------------------------------------------------

################################################################################

  Packing molecules of type:            2

################################################################################


--------------------------------------------------------------------------------

  Starting GENCAN loop:            0
  Scaling radii by:    1.1000000000000001     

  Packing:|0                                                             100%|
          |******************************************************************|
          |******************************************************************|

  Function value from last GENCAN loop: f = .59228E+03
  Best function value before: f = .10077E+05
  Improvement from best function value:    94.12 %
  Improvement from last loop:    94.12 %
  Maximum violation of target distance:     3.848766
  Maximum violation of the constraints: .51208E+02
  All-type function value: .34781E+06

--------------------------------------------------------------------------------


--------------------------------------------------------------------------------

  Starting GENCAN loop:            1
  Scaling radii by:    1.1000000000000001     

  Packing:|0                                                             100%|
          |******************************************************************|
          |******************************************************************|

  Function value from last GENCAN loop: f = .40068E+02
  Best function value before: f = .59228E+03
  Improvement from best function value:    93.23 %
  Improvement from last loop:    93.23 %
  Maximum violation of target distance:     1.310779
  Maximum violation of the constraints: .71660E+01
  All-type function value: .34762E+06

--------------------------------------------------------------------------------


--------------------------------------------------------------------------------

  Starting GENCAN loop:            2
  Scaling radii by:    1.1000000000000001     

  Packing:|0                                                             100%|
          |******************************************************************|
          |******************************************************************|

  Function value from last GENCAN loop: f = .44657E+01
  Best function value before: f = .40068E+02
  Improvement from best function value:    88.85 %
  Improvement from last loop:    88.85 %
  Maximum violation of target distance:     0.000000
  Maximum violation of the constraints: .81459E+00
  All-type function value: .34829E+06

--------------------------------------------------------------------------------


--------------------------------------------------------------------------------

  Starting GENCAN loop:            3
  Scaling radii by:    1.1000000000000001     

  Packing:|0                                                             100%|
          |******************************************************************|
          |******************************************************************|

  Function value from last GENCAN loop: f = .16145E+00
  Best function value before: f = .44657E+01
  Improvement from best function value:    96.38 %
  Improvement from last loop:    96.38 %
  Maximum violation of target distance:     0.000000
  Maximum violation of the constraints: .77925E-01
  All-type function value: .34849E+06

--------------------------------------------------------------------------------


--------------------------------------------------------------------------------

  Starting GENCAN loop:            4
  Scaling radii by:    1.1000000000000001     

  Packing:|0                                                             100%|
          |******************************************************************|


  Function value from last GENCAN loop: f = .26337E-01
  Best function value before: f = .16145E+00
  Improvement from best function value:    83.69 %
  Improvement from last loop:    83.69 %
  Maximum violation of target distance:     0.000000
  Maximum violation of the constraints: .92207E-02
  Current structure written to file: bilayer_300mm.pdb
--------------------------------------------------------------------------------
  Packing solved for molecules of type           2
  Objective function value:    2.6336788310101649E-002
  Maximum violation of target distance:    0.0000000000000000     
  Max. constraint violation:    9.2206637093912285E-003
--------------------------------------------------------------------------------

################################################################################

  Packing molecules of type:            3

################################################################################


--------------------------------------------------------------------------------

  Starting GENCAN loop:            0
  Scaling radii by:    1.1000000000000001     

  Packing:|0                                                             100%|
          |******************************************************************|
          |******************************************************************|

  Function value from last GENCAN loop: f = .47829E+03
  Best function value before: f = .96269E+04
  Improvement from best function value:    95.03 %
  Improvement from last loop:    95.03 %
  Maximum violation of target distance:     3.464675
  Maximum violation of the constraints: .77658E+01
  All-type function value: .33833E+06

--------------------------------------------------------------------------------


--------------------------------------------------------------------------------

  Starting GENCAN loop:            1
  Scaling radii by:    1.1000000000000001     

  Packing:|0                                                             100%|
          |******************************************************************|
          |******************************************************************|

  Function value from last GENCAN loop: f = .28800E+02
  Best function value before: f = .47829E+03
  Improvement from best function value:    93.98 %
  Improvement from last loop:    93.98 %
  Maximum violation of target distance:     0.143214
  Maximum violation of the constraints: .19846E+01
  All-type function value: .33801E+06

--------------------------------------------------------------------------------


--------------------------------------------------------------------------------

  Starting GENCAN loop:            2
  Scaling radii by:    1.1000000000000001     

  Packing:|0                                                             100%|
          |******************************************************************|
          |******************************************************************|

  Function value from last GENCAN loop: f = .28836E+01
  Best function value before: f = .28800E+02
  Improvement from best function value:    89.99 %
  Improvement from last loop:    89.99 %
  Maximum violation of target distance:     0.000000
  Maximum violation of the constraints: .37473E+00
  All-type function value: .33801E+06

--------------------------------------------------------------------------------


--------------------------------------------------------------------------------

  Starting GENCAN loop:            3
  Scaling radii by:    1.1000000000000001     

  Packing:|0                                                             100%|
          |******************************************************************|
          |******************************************************************|

  Function value from last GENCAN loop: f = .49268E+00
  Best function value before: f = .28836E+01
  Improvement from best function value:    82.91 %
  Improvement from last loop:    82.91 %
  Maximum violation of target distance:     0.000000
  Maximum violation of the constraints: .82265E-01
  All-type function value: .33790E+06

--------------------------------------------------------------------------------


--------------------------------------------------------------------------------

  Starting GENCAN loop:            4
  Scaling radii by:    1.1000000000000001     

  Packing:|0                                                             100%|
          |******************************************************************|
          |********************************************************

  Function value from last GENCAN loop: f = .72611E-01
  Best function value before: f = .49268E+00
  Improvement from best function value:    85.26 %
  Improvement from last loop:    85.26 %
  Maximum violation of target distance:     0.000000
  Maximum violation of the constraints: .99263E-02
  Current structure written to file: bilayer_300mm.pdb
--------------------------------------------------------------------------------
  Packing solved for molecules of type           3
  Objective function value:    7.2611068709019261E-002
  Maximum violation of target distance:    0.0000000000000000     
  Max. constraint violation:    9.9262576336469916E-003
--------------------------------------------------------------------------------

################################################################################

  Packing molecules of type:            4

################################################################################


--------------------------------------------------------------------------------

  Starting GENCAN loop:            0
  Scaling radii by:    1.1000000000000001     

  Packing:|0                                                             100%|
          |******************************************************************|
          |******************************************************************|

  Function value from last GENCAN loop: f = .33629E+03
  Best function value before: f = .10537E+05
  Improvement from best function value:    96.81 %
  Improvement from last loop:    96.81 %
  Maximum violation of target distance:     3.685457
  Maximum violation of the constraints: .37601E+01
  All-type function value: .32636E+06

--------------------------------------------------------------------------------


--------------------------------------------------------------------------------

  Starting GENCAN loop:            1
  Scaling radii by:    1.1000000000000001     

  Packing:|0                                                             100%|
          |******************************************************************|
          |******************************************************************|

  Function value from last GENCAN loop: f = .12228E+02
  Best function value before: f = .33629E+03
  Improvement from best function value:    96.36 %
  Improvement from last loop:    96.36 %
  Maximum violation of target distance:     0.586827
  Maximum violation of the constraints: .13050E+01
  All-type function value: .32591E+06

--------------------------------------------------------------------------------


--------------------------------------------------------------------------------

  Starting GENCAN loop:            2
  Scaling radii by:    1.1000000000000001     

  Packing:|0                                                             100%|
          |******************************************************************|
          |******************************************************************|

  Function value from last GENCAN loop: f = .12894E+01
  Best function value before: f = .12228E+02
  Improvement from best function value:    89.46 %
  Improvement from last loop:    89.46 %
  Maximum violation of target distance:     0.000000
  Maximum violation of the constraints: .19337E+00
  All-type function value: .32626E+06

--------------------------------------------------------------------------------


--------------------------------------------------------------------------------

  Starting GENCAN loop:            3
  Scaling radii by:    1.1000000000000001     

  Packing:|0                                                             100%|
          |******************************************************************|
          |******************************************************************|

  Function value from last GENCAN loop: f = .76223E-01
  Best function value before: f = .12894E+01
  Improvement from best function value:    94.09 %
  Improvement from last loop:    94.09 %
  Maximum violation of target distance:     0.000000
  Maximum violation of the constraints: .15162E-01
  All-type function value: .32622E+06

--------------------------------------------------------------------------------


--------------------------------------------------------------------------------

  Starting GENCAN loop:            4
  Scaling radii by:    1.1000000000000001     

  Packing:|0                                                             100%|
          |*********************

  Function value from last GENCAN loop: f = .44359E-01
  Best function value before: f = .76223E-01
  Improvement from best function value:    41.80 %
  Improvement from last loop:    41.80 %
  Maximum violation of target distance:     0.000000
  Maximum violation of the constraints: .83103E-02
  Current structure written to file: bilayer_300mm.pdb
--------------------------------------------------------------------------------
  Packing solved for molecules of type           4
  Objective function value:    4.4359244418354669E-002
  Maximum violation of target distance:    0.0000000000000000     
  Max. constraint violation:    8.3103263762021960E-003
--------------------------------------------------------------------------------

################################################################################

  Packing molecules of type:            5

################################################################################


--------------------------------------------------------------------------------

  Starting GENCAN loop:            0
  Scaling radii by:    1.1000000000000001     

  Packing:|0                                                             100%|
          |******************************************************************|
          |******************************************************************|

  Function value from last GENCAN loop: f = .35856E+00
  Best function value before: f = .14311E+06
  Improvement from best function value:    99.99 %
  Improvement from last loop:    99.99 %
  Maximum violation of target distance:     0.000000
  Maximum violation of the constraints: .11756E+00
  All-type function value: .18318E+06

--------------------------------------------------------------------------------


--------------------------------------------------------------------------------

  Starting GENCAN loop:            1
  Scaling radii by:    1.1000000000000001     

  Packing:|0                                                             100%|
          |*********************

  Function value from last GENCAN loop: f = .41489E-01
  Best function value before: f = .35856E+00
  Improvement from best function value:    88.43 %
  Improvement from last loop:    88.43 %
  Maximum violation of target distance:     0.000000
  Maximum violation of the constraints: .98636E-02
  Current structure written to file: bilayer_300mm.pdb
--------------------------------------------------------------------------------
  Packing solved for molecules of type           5
  Objective function value:    4.1489383536025042E-002
  Maximum violation of target distance:    0.0000000000000000     
  Max. constraint violation:    9.8635853315976671E-003
--------------------------------------------------------------------------------

################################################################################

  Packing molecules of type:            6

################################################################################


--------------------------------------------------------------------------------

  Starting GENCAN loop:            0
  Scaling radii by:    1.1000000000000001     

  Packing:|0                                                             100%|
          |******************************************************************|
          |******************************************************************|

  Function value from last GENCAN loop: f = .35498E+01
  Best function value before: f = .14163E+06
  Improvement from best function value:    99.99 %
  Improvement from last loop:    99.99 %
  Maximum violation of target distance:     0.999871
  Maximum violation of the constraints: .34103E+00
  All-type function value: .41545E+05

--------------------------------------------------------------------------------


--------------------------------------------------------------------------------

  Starting GENCAN loop:            1
  Scaling radii by:    1.1000000000000001     

  Packing:|0                                                             100%|
          |*********************

  Function value from last GENCAN loop: f = .52401E-01
  Best function value before: f = .35498E+01
  Improvement from best function value:    98.52 %
  Improvement from last loop:    98.52 %
  Maximum violation of target distance:     0.000000
  Maximum violation of the constraints: .97512E-02
  Current structure written to file: bilayer_300mm.pdb
--------------------------------------------------------------------------------
  Packing solved for molecules of type           6
  Objective function value:    5.2401211126784711E-002
  Maximum violation of target distance:    0.0000000000000000     
  Max. constraint violation:    9.7511769945576136E-003
--------------------------------------------------------------------------------

################################################################################

  Packing molecules of type:            7

################################################################################


  Initial approximation is a solution. Nothing to do. 

  Current point written to file: bilayer_300mm.pdb
--------------------------------------------------------------------------------
  Packing solved for molecules of type           7
  Objective function value:    0.0000000000000000     
  Maximum violation of target distance:    0.0000000000000000     
  Max. constraint violation:    0.0000000000000000     
--------------------------------------------------------------------------------

################################################################################

  Packing molecules of type:            8

################################################################################


--------------------------------------------------------------------------------

  Starting GENCAN loop:            0
  Scaling radii by:    1.1000000000000001     

  Packing:|0                                                             100%|
          |

  Function value from last GENCAN loop: f = .00000E+00
  Best function value before: f = .58250E+00
  Improvement from best function value:    99.99 %
  Improvement from last loop:    99.99 %
  Maximum violation of target distance:     0.000000
  Maximum violation of the constraints: .00000E+00
  Current structure written to file: bilayer_300mm.pdb
--------------------------------------------------------------------------------
  Packing solved for molecules of type           8
  Objective function value:    0.0000000000000000     
  Maximum violation of target distance:    0.0000000000000000     
  Max. constraint violation:    0.0000000000000000     
--------------------------------------------------------------------------------

################################################################################

  Packing molecules of type:            9

################################################################################


  Initial approximation is a solution. Nothing to do. 

  Current point written to file: bilayer_300mm.pdb
--------------------------------------------------------------------------------
  Packing solved for molecules of type           9
  Objective function value:    0.0000000000000000     
  Maximum violation of target distance:    0.0000000000000000     
  Max. constraint violation:    0.0000000000000000     
--------------------------------------------------------------------------------

################################################################################

  Packing molecules of type:           10

################################################################################


  Initial approximation is a solution. Nothing to do. 

  Current point written to file: bilayer_300mm.pdb
--------------------------------------------------------------------------------
  Packing solved for molecules of type          10
  Objective function value:    0.0000000000000000     
  Maximum violation of target distance:    0.0000000000000000     
  Max. constraint violation:    0.0000000000000000     
--------------------------------------------------------------------------------

################################################################################

  Packing all molecules together 

################################################################################


--------------------------------------------------------------------------------

  Starting GENCAN loop:            0
  Scaling radii by:    1.1000000000000001     

  Packing:|0                                                             100%|
          |******************************************************************|
          |******************************************************************|

  Function value from last GENCAN loop: f = .60077E+04
  Best function value before: f = .41538E+05
  Improvement from best function value:    85.54 %
  Improvement from last loop:    85.54 %
  Maximum violation of target distance:     3.821490
  Maximum violation of the constraints: .47844E+01

--------------------------------------------------------------------------------


--------------------------------------------------------------------------------

  Starting GENCAN loop:            1
  Scaling radii by:    1.1000000000000001     

  Packing:|0                                                             100%|
          |******************************************************************|
          |******************************************************************|

  Function value from last GENCAN loop: f = .17993E+04
  Best function value before: f = .60077E+04
  Improvement from best function value:    70.05 %
  Improvement from last loop:    70.05 %
  Maximum violation of target distance:     3.633701
  Maximum violation of the constraints: .84357E+01

--------------------------------------------------------------------------------


--------------------------------------------------------------------------------

  Starting GENCAN loop:            2
  Scaling radii by:    1.1000000000000001     

  Packing:|0                                                             100%|
          |******************************************************************|
          |******************************************************************|

  Function value from last GENCAN loop: f = .48673E+03
  Best function value before: f = .17993E+04
  Improvement from best function value:    72.95 %
  Improvement from last loop:    72.95 %
  Maximum violation of target distance:     2.731573
  Maximum violation of the constraints: .72979E+01

--------------------------------------------------------------------------------


--------------------------------------------------------------------------------

  Starting GENCAN loop:            3
  Scaling radii by:    1.1000000000000001     

  Packing:|0                                                             100%|
          |******************************************************************|
          |******************************************************************|

  Function value from last GENCAN loop: f = .19756E+03
  Best function value before: f = .48673E+03
  Improvement from best function value:    59.41 %
  Improvement from last loop:    59.41 %
  Maximum violation of target distance:     1.958346
  Maximum violation of the constraints: .41753E+01

--------------------------------------------------------------------------------


--------------------------------------------------------------------------------

  Starting GENCAN loop:            4
  Scaling radii by:    1.1000000000000001     

  Packing:|0                                                             100%|
          |******************************************************************|
          |******************************************************************|

  Function value from last GENCAN loop: f = .11963E+03
  Best function value before: f = .19756E+03
  Improvement from best function value:    39.45 %
  Improvement from last loop:    39.45 %
  Maximum violation of target distance:     0.044243
  Maximum violation of the constraints: .23705E+01

--------------------------------------------------------------------------------


--------------------------------------------------------------------------------

  Starting GENCAN loop:            5
  Scaling radii by:    1.1000000000000001     

  Packing:|0                                                             100%|
          |******************************************************************|
          |******************************************************************|

  Function value from last GENCAN loop: f = .65661E+02
  Best function value before: f = .11963E+03
  Improvement from best function value:    45.11 %
  Improvement from last loop:    45.11 %
  Maximum violation of target distance:     0.000000
  Maximum violation of the constraints: .15522E+01

--------------------------------------------------------------------------------


--------------------------------------------------------------------------------

  Starting GENCAN loop:            6
  Scaling radii by:    1.1000000000000001     

  Packing:|0                                                             100%|
          |******************************************************************|
          |******************************************************************|

  Function value from last GENCAN loop: f = .41914E+02
  Best function value before: f = .65661E+02
  Improvement from best function value:    36.17 %
  Improvement from last loop:    36.17 %
  Maximum violation of target distance:     0.000000
  Maximum violation of the constraints: .10659E+01

--------------------------------------------------------------------------------


--------------------------------------------------------------------------------

  Starting GENCAN loop:            7
  Scaling radii by:    1.1000000000000001     

  Packing:|0                                                             100%|
          |******************************************************************|
          |******************************************************************|

  Function value from last GENCAN loop: f = .30478E+02
  Best function value before: f = .41914E+02
  Improvement from best function value:    27.29 %
  Improvement from last loop:    27.29 %
  Maximum violation of target distance:     0.000000
  Maximum violation of the constraints: .98030E+00

--------------------------------------------------------------------------------


--------------------------------------------------------------------------------

  Starting GENCAN loop:            8
  Scaling radii by:    1.1000000000000001     

  Packing:|0                                                             100%|
          |******************************************************************|
          |******************************************************************|

  Function value from last GENCAN loop: f = .23714E+02
  Best function value before: f = .30478E+02
  Improvement from best function value:    22.19 %
  Improvement from last loop:    22.19 %
  Maximum violation of target distance:     0.000000
  Maximum violation of the constraints: .97244E+00

--------------------------------------------------------------------------------


--------------------------------------------------------------------------------

  Starting GENCAN loop:            9
  Scaling radii by:    1.1000000000000001     

  Packing:|0                                                             100%|
          |******************************************************************|
          |******************************************************************|

  Function value from last GENCAN loop: f = .19026E+02
  Best function value before: f = .23714E+02
  Improvement from best function value:    19.77 %
  Improvement from last loop:    19.77 %
  Maximum violation of target distance:     0.000000
  Maximum violation of the constraints: .97073E+00

--------------------------------------------------------------------------------

  Current solution written to file: bilayer_300mm.pdb

--------------------------------------------------------------------------------

  Starting GENCAN loop:           10
  Scaling radii by:    1.1000000000000001     

  Packing:|0                                                             100%|
          |******************************************************************|
          |******************************************************************|

  Function value from last GENCAN loop: f = .15719E+02
  Best function value before: f = .19026E+02
  Improvement from best function value:    17.38 %
  Improvement from last loop:    17.38 %
  Maximum violation of target distance:     0.000000
  Maximum violation of the constraints: .93383E+00

--------------------------------------------------------------------------------


--------------------------------------------------------------------------------

  Starting GENCAN loop:           11
  Scaling radii by:    1.1000000000000001     

  Packing:|0                                                             100%|
          |******************************************************************|
          |******************************************************************|

  Function value from last GENCAN loop: f = .13009E+02
  Best function value before: f = .15719E+02
  Improvement from best function value:    17.24 %
  Improvement from last loop:    17.24 %
  Maximum violation of target distance:     0.000000
  Maximum violation of the constraints: .87812E+00

--------------------------------------------------------------------------------


--------------------------------------------------------------------------------

  Starting GENCAN loop:           12
  Scaling radii by:    1.1000000000000001     

  Packing:|0                                                             100%|
          |******************************************************************|
          |******************************************************************|

  Function value from last GENCAN loop: f = .11152E+02
  Best function value before: f = .13009E+02
  Improvement from best function value:    14.27 %
  Improvement from last loop:    14.27 %
  Maximum violation of target distance:     0.000000
  Maximum violation of the constraints: .83247E+00

--------------------------------------------------------------------------------


--------------------------------------------------------------------------------

  Starting GENCAN loop:           13
  Scaling radii by:    1.1000000000000001     

  Packing:|0                                                             100%|
          |******************************************************************|
          |******************************************************************|

  Function value from last GENCAN loop: f = .95248E+01
  Best function value before: f = .11152E+02
  Improvement from best function value:    14.59 %
  Improvement from last loop:    14.59 %
  Maximum violation of target distance:     0.000000
  Maximum violation of the constraints: .80197E+00

--------------------------------------------------------------------------------


--------------------------------------------------------------------------------

  Starting GENCAN loop:           14
  Scaling radii by:    1.1000000000000001     

  Packing:|0                                                             100%|
          |******************************************************************|
          |******************************************************************|

  Function value from last GENCAN loop: f = .83734E+01
  Best function value before: f = .95248E+01
  Improvement from best function value:    12.09 %
  Improvement from last loop:    12.09 %
  Maximum violation of target distance:     0.000000
  Maximum violation of the constraints: .76641E+00

--------------------------------------------------------------------------------


--------------------------------------------------------------------------------

  Starting GENCAN loop:           15
  Scaling radii by:    1.1000000000000001     

  Packing:|0                                                             100%|
          |******************************************************************|
          |******************************************************************|

  Function value from last GENCAN loop: f = .70947E+01
  Best function value before: f = .83734E+01
  Improvement from best function value:    15.27 %
  Improvement from last loop:    15.27 %
  Maximum violation of target distance:     0.000000
  Maximum violation of the constraints: .62812E+00

--------------------------------------------------------------------------------


--------------------------------------------------------------------------------

  Starting GENCAN loop:           16
  Scaling radii by:    1.1000000000000001     

  Packing:|0                                                             100%|
          |******************************************************************|
          |******************************************************************|

  Function value from last GENCAN loop: f = .60569E+01
  Best function value before: f = .70947E+01
  Improvement from best function value:    14.63 %
  Improvement from last loop:    14.63 %
  Maximum violation of target distance:     0.000000
  Maximum violation of the constraints: .57368E+00

--------------------------------------------------------------------------------


--------------------------------------------------------------------------------

  Starting GENCAN loop:           17
  Scaling radii by:    1.1000000000000001     

  Packing:|0                                                             100%|
          |******************************************************************|
          |******************************************************************|

  Function value from last GENCAN loop: f = .52613E+01
  Best function value before: f = .60569E+01
  Improvement from best function value:    13.13 %
  Improvement from last loop:    13.13 %
  Maximum violation of target distance:     0.000000
  Maximum violation of the constraints: .53938E+00

--------------------------------------------------------------------------------


--------------------------------------------------------------------------------

  Starting GENCAN loop:           18
  Scaling radii by:    1.1000000000000001     

  Packing:|0                                                             100%|
          |******************************************************************|
          |******************************************************************|

  Function value from last GENCAN loop: f = .46695E+01
  Best function value before: f = .52613E+01
  Improvement from best function value:    11.25 %
  Improvement from last loop:    11.25 %
  Maximum violation of target distance:     0.000000
  Maximum violation of the constraints: .50262E+00

--------------------------------------------------------------------------------


--------------------------------------------------------------------------------

  Starting GENCAN loop:           19
  Scaling radii by:    1.1000000000000001     

  Packing:|0                                                             100%|
          |******************************************************************|
          |******************************************************************|

  Function value from last GENCAN loop: f = .42700E+01
  Best function value before: f = .46695E+01
  Improvement from best function value:     8.55 %
  Improvement from last loop:     8.55 %
  Maximum violation of target distance:     0.000000
  Maximum violation of the constraints: .46050E+00

--------------------------------------------------------------------------------

  Current solution written to file: bilayer_300mm.pdb
  Moving worst molecules ... 
  Function value before moving molecules:   4.2700364759577640     
  Type         1 molecules with non-zero contributions:    8.33%
  Moving         3 molecules of type         1
  New positions will be based on good molecules (movebadrandom is not set) 
   Moving:|0                                                             100%|
          |******************************************************************|
  Type         2 molecules with non-zero contributions:    9.72%
  Moving         3 molecules of type         2
  New positions will be based on good molecules (movebadrandom is not set) 
   Moving:|0                                                             100%|
          |******************************************************************|
  Type         3 molecules with non-zero contributions:   31.94%
  Moving         3 molecules of type         3
  New positions will be based on good molecules (movebadrandom is not set) 
   Moving:|0                                                             100%|
          |******************************************************************|
  Type         4 molecules with non-zero contributions:   31.94%
  Moving         3 molecules of type         4
  New positions will be based on good molecules (movebadrandom is not set) 
   Moving:|0                                                             100%|
          |******************************************************************|
  Type         5 molecules with non-zero contributions:    0.00%
  Type         6 molecules with non-zero contributions:    0.00%
  Type         7 molecules with non-zero contributions:    0.00%
  Type         8 molecules with non-zero contributions:    0.00%
  Type         9 molecules with non-zero contributions:    0.00%
  Type        10 molecules with non-zero contributions:    0.00%
  Function value after moving molecules:   4869.6777191839083     

--------------------------------------------------------------------------------

  Starting GENCAN loop:           20
  Scaling radii by:    1.0000000000000000     

  Packing:|0                                                             100%|
          |******************************************************************|
          |******************************************************************|

  Function value from last GENCAN loop: f = .42959E+02
  Best function value before: f = .42700E+01
  Improvement from best function value:   -99.99 %
  Improvement from last loop:    99.12 %
  Maximum violation of target distance:     2.093245
  Maximum violation of the constraints: .12005E+01

--------------------------------------------------------------------------------


--------------------------------------------------------------------------------

  Starting GENCAN loop:           21
  Scaling radii by:    1.0000000000000000     

  Packing:|0                                                             100%|
          |******************************************************************|
          |******************************************************************|

  Function value from last GENCAN loop: f = .31874E+01
  Best function value before: f = .42700E+01
  Improvement from best function value:    25.35 %
  Improvement from last loop:    92.58 %
  Maximum violation of target distance:     0.141970
  Maximum violation of the constraints: .23194E+00

--------------------------------------------------------------------------------


--------------------------------------------------------------------------------

  Starting GENCAN loop:           22
  Scaling radii by:    1.0000000000000000     

  Packing:|0                                                             100%|
          |******************************************************************|
          |******************************************************************|

  Function value from last GENCAN loop: f = .11090E+01
  Best function value before: f = .31874E+01
  Improvement from best function value:    65.21 %
  Improvement from last loop:    65.21 %
  Maximum violation of target distance:     0.127505
  Maximum violation of the constraints: .16124E+00

--------------------------------------------------------------------------------


--------------------------------------------------------------------------------

  Starting GENCAN loop:           23
  Scaling radii by:    1.0000000000000000     

  Packing:|0                                                             100%|
          |******************************************************************|
          |******************************************************************|

  Function value from last GENCAN loop: f = .45986E+00
  Best function value before: f = .11090E+01
  Improvement from best function value:    58.54 %
  Improvement from last loop:    58.54 %
  Maximum violation of target distance:     0.079916
  Maximum violation of the constraints: .46337E-01

--------------------------------------------------------------------------------


--------------------------------------------------------------------------------

  Starting GENCAN loop:           24
  Scaling radii by:    1.0000000000000000     

  Packing:|0                                                             100%|
          |******************************************************************|
          |******************************************************************|

  Function value from last GENCAN loop: f = .26506E+00
  Best function value before: f = .45986E+00
  Improvement from best function value:    42.36 %
  Improvement from last loop:    42.36 %
  Maximum violation of target distance:     0.038105
  Maximum violation of the constraints: .17870E-01

--------------------------------------------------------------------------------


--------------------------------------------------------------------------------

  Starting GENCAN loop:           25
  Scaling radii by:    1.0000000000000000     

  Packing:|0                                                             100%|
          |******************************************************************|
          |******************************************************************|

  Function value from last GENCAN loop: f = .18931E+00
  Best function value before: f = .26506E+00
  Improvement from best function value:    28.58 %
  Improvement from last loop:    28.58 %
  Maximum violation of target distance:     0.027460
  Maximum violation of the constraints: .15175E-01

--------------------------------------------------------------------------------


--------------------------------------------------------------------------------

  Starting GENCAN loop:           26
  Scaling radii by:    1.0000000000000000     

  Packing:|0                                                             100%|
          |******************************************************************|
          |******************************************************************|

  Function value from last GENCAN loop: f = .14270E+00
  Best function value before: f = .18931E+00
  Improvement from best function value:    24.62 %
  Improvement from last loop:    24.62 %
  Maximum violation of target distance:     0.027338
  Maximum violation of the constraints: .12183E-01

--------------------------------------------------------------------------------


--------------------------------------------------------------------------------

  Starting GENCAN loop:           27
  Scaling radii by:    1.0000000000000000     

  Packing:|0                                                             100%|
          |******************************************************************|
          |******************************************************************|

  Function value from last GENCAN loop: f = .10775E+00
  Best function value before: f = .14270E+00
  Improvement from best function value:    24.49 %
  Improvement from last loop:    24.49 %
  Maximum violation of target distance:     0.017115
  Maximum violation of the constraints: .92562E-02

--------------------------------------------------------------------------------


--------------------------------------------------------------------------------

  Starting GENCAN loop:           28
  Scaling radii by:    1.0000000000000000     

  Packing:|0                                                             100%|
          |******************************************************************|
          |******************************************************************|

  Function value from last GENCAN loop: f = .84493E-01
  Best function value before: f = .10775E+00
  Improvement from best function value:    21.58 %
  Improvement from last loop:    21.58 %
  Maximum violation of target distance:     0.011579
  Maximum violation of the constraints: .76131E-02

--------------------------------------------------------------------------------


--------------------------------------------------------------------------------

  Starting GENCAN loop:           29
  Scaling radii by:    1.0000000000000000     

  Packing:|0                                                             100%|
          |***********************************

  Function value from last GENCAN loop: f = .78265E-01
  Best function value before: f = .84493E-01
  Improvement from best function value:     7.37 %
  Improvement from last loop:     7.37 %
  Maximum violation of target distance:     0.009723
  Maximum violation of the constraints: .72159E-02

################################################################################

                                 Success! 
              Final objective function value: .78265E-01
              Maximum violation of target distance:   0.009723
              Maximum violation of the constraints: .72159E-02

--------------------------------------------------------------------------------

              Please cite this work if Packmol was useful: 

           L. Martinez, R. Andrade, E. G. Birgin, J. M. Martinez, 
         PACKMOL: A package for building initial configurations for
                   molecular dynamics simulations. 
          Journal of Computational Chemistry, 30:2157-2164,2009.

################################################################################

  Solution written to file: bilayer_300mm.pdb

--------------------------------------------------------------------------------

   Running time:    299.515625      seconds. 

--------------------------------------------------------------------------------


